[    0.000000] Initializing cgroup subsys cpuset
[    0.000000]Initializingcgoup subsys cu
[    0.000000] Initializing cgroup subsys cpuacct
[    0.000000] Linux version 4.4.0-137-generic (buildd@lgw01-ad64-037) (gc version 5.4.0 20160609 (Ubuntu 5.4.0-6buntu1~1.04.10) )#163-buntu SMP Mon Sep 24 13::4 UTC 2018 (Ubuntu 4.4.0-137.163-generic 4.4.144)
[    0.000000] Command line: BOOT_IMAGE=/boot/vmlinuz-4.4.0-137-generic root=LABEL=cloudimg-rootfs ro console=tty1 console=ttyS0
[   0.000000] KERNEL supported cpus:
[    0.000000]   Intel GenuineIntel
[    0.000000]   AMD AuthenticAMD[    0.000000]   Centaur CentarHul
[    000000] x86/fpu: xtate_offset2]  76, xsate_izs[2]:  256
[    0.000000] 86fp: Supporting XSAVE feature 0x01: 'x87 floating point registers'
[    0.000000] x86/fpu: Supporting XSAVE feature 0x02: 'SSE registers'
[    0.000000] x86/fpu: Supporting XSAE eature 0x04: 'AVX registers'
[    0.0000]x86/fpu: Enabled xstate features 0x7, context size is 832 bytes, using 'standard' format.
[    0.000000] e820:IOS-provided physical RAM map:
[    0.000000] BIOS-e820: [mem 0x0000000000000000-0x000000000009fbff] usable
[    0.000000] BIOS-e820: [mem 0x000000000009fc00-0x000000000009ffff] reserved
[    0.00000] BIOS-e820: [mem 0x00000000000f0000-0x00000000000fffff] reserved
[    0.000000] BIOS-e820: [mem 0x0000000000100000-0x000000003ffeffff] usable

[    0.000000] BIOS-e820: [mem 0x000000003fff0000-0x000000003fffffff] ACPI data
[    0.000000] BIOS-e820: [mem 0x00000000fec00000-0x00000000fec00fff] reserved
[    0.000000] BIOS-e820: [em 0x0000000fee00000-0x00000000fee00fffreserved
[    0.000000] BIOS-e820: [mem 0x00000000fffc0000-0x00000000ffffffff] reserved
[    00000] NX (Execute Disable) potcton: actve
[    0.000000] SMBIOS 2.5 present.
[    0.000000] Hypervisor detected: KVM
[    0.000000] e820: last_pfn = 0x3fff0 max_arch_pn = 0x400000000
[   0.000000] MTRR: Disabled
[   .00000]x8/PT: MTRRs disabled, skipping P initalzaion too.
[    0.000000] CPU MTRRs all blank - virtualized system.
[    0.000000] x86/PAT: Configuration [0-7]: WB  WT  UC- UC  WB  WT  UC- UC  
[   0.000000] found SMP MP-tableat [mem 0x0009fff0-0x000ffff] mapped at [ffff88000009fff0]
[   0.000000] Scnning 1 areas for low memory corruption
[    0.000000] RAMDISK [em 0x3630e0000x377eff]
[    00000] ACPI: Early table checksum verification diabled[    .00000] ACPI: RSDP 0x00000000000E0000 000024 (v0 VBOX  )
[   .000000] ACPI: XSDT 0x000000003FFF0030 00003C (v01 VBOX   VBOXXSDT 00000001 ASL  00000061
[    0.00000] ACI: FACP 0x000000003FFF00F0 0000F4 (v04 VBOX   VBOXFACP 0000001 ASL  00000061)
[    0.000000] ACPI: DSDT 0x000000003FFF0470 0021FF (v02 VBOX   VBOBIOS 00000002 INTL 20100528)
[    0.000000] ACPI: FAS x00000003FF0200 000040
[   .00000 ACPI: FACS 0x000000003FFF0200 000040
[   0.00000] CP: APIC 0x000003FFF04000005C (v02 VBOX   VBOXAPIC 00000001 ASL  0000061)
[   0.000000] ACPI: SSDT 0x000000003FF2A0 0001CC 01VBOX   VBOCPT 0000002 INTL 2010028
[    0.000000] No NUMA configuration found[   0.000000] Fkig  nnodeat[mm 0x000000000000-000000003ffeffff]
[    .00000] NODE_DATA(0) allocated [mem 0x3ffeb000-0x3ffeffff]
[   0.000000] kvm-clock: Using msrs 4b564d01 and 4b564d00
[    0.000000] kvm-clock: cpu 0, msr 0:3ffe3001, primary puclck
[    0.000000] kvm-clo: sing sched offset of 3791965796 cycles
[    0.000000] clocksource: kvm-clock: mask: 0xfffffffffffffff max_cycles: 0x1cd42e4dffb, max_idle_ns: 88159051483 ns
[    0.000000] Zone ranges:
[    0.00000]   DMA      [mem 0x0000000000001000-0x000000000fffff]
[   0.00000   DMA3    [mem 0x0000000001000000-0x00000003feffff]
[    0.000000]   Normal   empty
[    0.000000]  evice   empt
[   0.00000] Movable zone start for eah node
[    0.000000] Early memory node ranges
[    0000000] nnode   0: [mem 0x0000000000001000-0x000000000009efff]
[    0.000000]   node   0: [mem 0x0000000000100000-0x000000003ffeffff]
[    0.000000] Initmem setup node 0 [mem 0x0000000000001000-0x000000003ffeffff]
[    0.000000] ACPI: PM-Timer IO Port: 0x40
[   .00000] IOAPIC[0]: apic_id 2, version 32, address 0xfec00000, GSI 0-23
[    0.000000] ACPI: INT_SRC_OVR (bus 0 bus_irq 0 gobal_irq 2 dfl dfl)
[   000000 API INT_SRC_OVR (bus 0 bus_irq 9 global_irq 9 low level)
[    0.000000] Using ACPI (MDT fr SMP configuration information
[    0.00000] mpoot: Allowing 2 CPUs, 0 hotplug CPUs
[   .000000 PM: Registered nosave memory: [mem 0x00000000-x000fff]
[    0.00000 P: Registered nosave memory: [mem 0x0009f000-0x0009fffff]
[    0.000000] PM: Registered nosave memory: [mem 0x000a0000-0x000effff]
[    0.00000 PM: Registered nosave memory: [mem 0x000f0000-0x000fffff]
[    0.00000] e820: [mem 0x40000000-0xfebffff] vailable fo PCI devices
[   0.000000] Booting paravirtualized kernel on KVM
[    0.000000] clocksurce: refined-jiffies: mask: 0xffffffff max_cycles: 0xffffffff, max_ile_ns: 7645519600211568 ns
[    0.000000] setup_percpu: NR_CPUS:512 nr_cpumask_bits:512 nr_cpu_ids:2 nr_node_ids:1
[    0.000000] PERCPU: Embedded 34 pages/cpu @ffff88003fc00000 s99608 r8192 d31464 u1048576
[    0.000000] PV qspinlock hash table entries: 256 orer: 0, 4096 bytes)
[    0.000000] Built 1 zonelitsin Node order, mobility grouping on.  Total pages: 257912
[    0.000000] Policy zone: DMA32
[    0.000000] Kernel command line: BOOT_IMAGE=/boot/vmlinuz-4.4.0-137-generic rotLAEL=cloudimg-rootfs ro console=tty1 console=ttyS0
[    0.000000]PI hash table entries: 4096 (order: 3, 32768 bytes)
[    0.000000] Mory: 9776K1048120Kavilable (55 kernel cod, 314K rwdata, 4004K rodata, 1528K init, 1316K bss, 50404K reserved, 0K cma-reserved)
[    0.000000] SLU: HWalign=64, Order=0-3, MinObjects=0, CPUs=2, Nodes=1
[    0.000000] KernelUsr page tables isolation: enabld
[    0.000000] Hierarchical RCU implementation.
[    0.000000] 	Bldtime adjusmet f leaf fanout o 64
[    0.000000] 	CUrestricting CPUs from NR_CPUS=512 to nr_cpu_ids=2.[    000000] RCU: Adustinggeometryfo rcu_fanout_leaf=64, nr_cpu_ids=2
[    0.000000] NR_IRQS:33024 nr_irqs:440 16
[    0.000000] Console: colour VGA+ 80x25
[    0.000000] console [tty1] enabled
[    0.000000] console [ttyS0] enabled
[    0.000000] tsc: Detected 1599.999 MHz processor
[    5.382056] Calibrating dely loop (skipped) preset value.. 3199.99 BogoMIPS (lpj=6399996)
[    5.425843] pid_max: default: 32768 minimum: 301
[    5.436243] ACPI: Core revision 20150930
[    5.448461] ACPI: 2 ACPI AML tables successfully acquired and loaded
[    5.454745] Security Framework initialized
[    5.465999] Yama: becoming mindful.
[    5.473876] AppArmor: AppArmor initialized
[    5.478152] Dentry cache hash table entries: 131072 (order: 8, 1048576 bytes)
[    5.508835] Inode-cache hash table entries: 65536 (order: 7, 524288 bytes)
[    5.511009] Mount-cache hash table entries: 2048 (order: 2, 16384 bytes)
[    5.524716] Mountpoint-cache hash table entries: 2048 (order: 2, 16384 bytes)
[    5.546644] Initializing cgroup subsys io
[    5.554152] Initializing cgroup subsys memory
[    5.562064] Initializing cgroup subsys devices
[    5.563250] Initializing cgroup subsys freezer
[    5.564425] Initializing cgroup subsys net_cls
[    5.578883] Initializing cgroup subsys perf_event
[    5.603366] Initializing cgroup subsys net_prio
[    5.610518] Initializing cgroup subsys hugetlb
[    5.621617] Initializing cgroup subsys pids
[    5.631720] mce: CPU supports 0 MCE banks
[    5.634139] Last level iTLB entries: 4KB 64, 2MB 8, 4MB 8
[    5.638781] Last level dTLB entries: 4KB 64, 2MB 0, 4MB 0, 1GB 4
[    5.650771] Spectre V2 : Mitigation: Full generic retpoline
[    5.652454] Spectre V2 : Spectre v2 mitigation: Speculation control IBPB not-supported IBRS not-supported
[    5.656235] Spectre V2 : Spectre v2 / SpectreRSB mitigation: Filling RSB on context switch
[    5.669169] Speculative Store Bypass: Vulnerable
[    5.681590] Freeing SMP alternatives memory: 32K
[    5.697993] ftrace: allocating 32265 entries in 127 pages
[    5.773494] smpboot: APIC(0) Converting physical 0 to logical package 0
[    5.783141] smpboot: Max logical packages: 1
[    5.788750] x2apic enabled
[    5.806485] Switched APIC routing to physical x2apic.
[    5.812140] ..TIMER: vector=0x30 apic1=0 pin1=2 apic2=-1 pin2=-1
[    5.921626] smpboot: CPU0: Intel(R) Core(TM) i5-5250U CPU @ 1.60GHz (family: 0x6, model: 0x3d, stepping: 0x4)
[    5.950509] Performance Events: unsupported p6 CPU model 61 no PMU driver, software events only.
[    5.970866] KVM setup paravirtual spinlock
[    5.972874] x86: Booting SMP configuration:
[    5.977437] .... node  #0, CPUs:      #1
[    6.006818] kvm-clock: cpu 1, msr 0:3ffe3041, secondary cpu clock
[    6.009383] mce: CPU supports 0 MCE banks
[    6.012548] x86: Booted up 1 node, 2 CPUs
[    6.019670] smpboot: Total of 2 processors activated (6399.99 BogoMIPS)
[    6.034276] devtmpfs: initialized
[    6.040809] evm: security.selinux
[    6.045472] evm: security.SMACK64
[    6.057311] evm: security.SMACK64EXEC
[    6.060165] evm: security.SMACK64TRANSMUTE
[    6.062674] evm: security.SMACK64MMAP
[    6.067942] evm: security.ima
[    6.075281] evm: security.capability
[    6.083847] clocksource: jiffies: mask: 0xffffffff max_cycles: 0xffffffff, max_idle_ns: 7645041785100000 ns
[    6.107826] futex hash table entries: 512 (order: 3, 32768 bytes)
[    6.111315] pinctrl core: initialized pinctrl subsystem
[    6.121627] RTC time: 18:06:15, date: 10/16/18
[    6.125938] NET: Registered protocol family 16
[    6.146860] cpuidle: using governor ladder
[    6.162216] cpuidle: using governor menu
[    6.181310] PCCT header not found.
[    6.186093] ACPI: bus type PCI registered
[    6.195799] acpiphp: ACPI Hot Plug PCI Controller Driver version: 0.5
[    6.201494] PCI: Using configuration type 1 for base access
[    6.227649] ACPI: Added _OSI(Module Device)
[    6.237586] ACPI: Added _OSI(Processor Device)
[    6.252723] ACPI: Added _OSI(3.0 _SCP Extensions)
[    6.254312] ACPI: Added _OSI(Processor Aggregator Device)
[    6.263817] ACPI: Executed 1 blocks of module-level executable AML code
[    6.269304] ACPI: Interpreter enabled
[    6.278307] ACPI: (supports S0 S5)
[    6.285882] ACPI: Using IOAPIC for interrupt routing
[    6.297536] PCI: Using host bridge windows from ACPI; if necessary, use "pci=nocrs" and report a bug
[    6.319086] ACPI: PCI Root Bridge [PCI0] (domain 0000 [bus 00-ff])
[    6.325893] acpi PNP0A03:00: _OSC: OS supports [ASPM ClockPM Segments MSI]
[    6.337564] acpi PNP0A03:00: _OSC: not requesting OS control; OS requires [ExtendedConfig ASPM ClockPM MSI]
[    6.362001] acpi PNP0A03:00: fail to add MMCONFIG information, can't access extended PCI configuration space under this bridge.
[    6.387315] PCI host bridge to bus 0000:00
[    6.393197] pci_bus 0000:00: root bus resource [io  0x0000-0x0cf7 window]
[    6.398690] pci_bus 0000:00: root bus resource [io  0x0d00-0xffff window]
[    6.400350] pci_bus 0000:00: root bus resource [mem 0x000a0000-0x000bffff window]
[    6.402411] pci_bus 0000:00: root bus resource [mem 0x40000000-0xfdffffff window]
[    6.404435] pci_bus 0000:00: root bus resource [bus 00-ff]
[    6.408178] pci 0000:00:01.1: legacy IDE quirk: reg 0x10: [io  0x01f0-0x01f7]
[    6.417333] pci 0000:00:01.1: legacy IDE quirk: reg 0x14: [io  0x03f6]
[    6.428002] pci 0000:00:01.1: legacy IDE quirk: reg 0x18: [io  0x0170-0x0177]
[    6.434275] pci 0000:00:01.1: legacy IDE quirk: reg 0x1c: [io  0x0376]
[    6.486186] pci 0000:00:07.0: quirk: [io  0x4000-0x403f] claimed by PIIX4 ACPI
[    6.491071] pci 0000:00:07.0: quirk: [io  0x4100-0x410f] claimed by PIIX4 SMB
[    6.521013] ACPI: PCI Interrupt Link [LNKA] (IRQs 5 9 10 *11)
[    6.523510] ACPI: PCI Interrupt Link [LNKB] (IRQs 5 9 *10 11)
[    6.525969] ACPI: PCI Interrupt Link [LNKC] (IRQs 5 *9 10 11)
[    6.528196] ACPI: PCI Interrupt Link [LNKD] (IRQs 5 9 10 *11)
[    6.530689] ACPI: Enabled 2 GPEs in block 00 to 07
[    6.535693] vgaarb: setting as boot device: PCI:0000:00:02.0
[    6.543184] vgaarb: device added: PCI:0000:00:02.0,decodes=io+mem,owns=io+mem,locks=none
[    6.545551] vgaarb: loaded
[    6.546581] vgaarb: bridge control possible 0000:00:02.0
[    6.548561] SCSI subsystem initialized
[    6.551715] ACPI: bus type USB registered
[    6.559582] usbcore: registered new interface driver usbfs
[    6.590752] usbcore: registered new interface driver hub
[    6.606293] usbcore: registered new device driver usb
[    6.627281] PCI: Using ACPI for IRQ routing
[    6.634769] NetLabel: Initializing
[    6.645251] NetLabel:  domain hash size = 128
[    6.664867] NetLabel:  protocols = UNLABELED CIPSOv4
[    6.669474] NetLabel:  unlabeled traffic allowed by default
[    6.677588] amd_nb: Cannot enumerate AMD northbridges
[    6.679232] clocksource: Switched to clocksource kvm-clock
[    6.0524] AppArmor: AppArmor Filesystem Enabled
[    6.765398] pnpPn APIint[   .968333] pnp: PnP ACPI: found 3 devices

[   .071409 cocksource: acpi_pm: mask: 0xffffff max_cycles: 0xffffff, max_idle_ns: 2085701024 ns
[   7.21474] NET: Registeredprtool family 2

[    7.344283] CPestablished hash table entries: 8192 (oer 4 653 bte)[    7.665352] TCP bind hash table entries: 8192 (order: 5, 1372byes)
[   7.84762 TP:Hah ables configure (stblshd 192 bind 8192)
[   8.200048] UDP hash table entries: 512 (order: 2, 1638byte)[   833244] UD-Litehash table ntie: 12 (order: 2, 16384 bytes)
[   8.0788] NET: Registered protocol family 1
[    8.687662] pci 0000:00:00.0: Limiting direct PCI/PCI transfers
[    8.689356] pci 0000:00:01.0: Activating ISA DMA hang workarounds
[    8.691113] Unpacking initramfs...

[    9.016393] Freeing initrd memory: 14788K
[    9.027038] RAPL PMU detected, API unit is 2^-32 Joules, 4 fixed counters 10737418240 ms ovfl timer
[    9.048455] hw unit of domain pp0-core 2^-0 Joules
[    9.052192] hw unit of domain package 2^-0 Joules
[    9.058066] hw unit of domain dram 2^-0 Joules
[    9.060896] hw unit of domain pp1-gpu 2^-0 Joules
[    9.072383] platform rtc_cmos: registered platform RTC device (no PNP device found)
[    9.100180] Scanning for low memory corruption every 60 seconds
[    9.110089] audit: initializing netlink subsys (disabled)
[    9.117590] audit: type=2000 audit(1539713177.960:1): initialized
[    9.133692] Initialise system trusted keyring
[    9.137508] HugeTLB registered 2 MB page size, pre-allocated 0 pages
[    9.142470] zbud: loaded
[    9.144437] VFS: Disk quotas dquot_6.6.0
[    9.149416] VFS: Dquot-cache hash table entries: 512 (order 0, 4096 bytes)
[    9.165843] squashfs: version 4.0 (2009/01/31) Phillip Lougher
[    9.170350] fuse init (API version 7.23)
[    9.185837] Key type big_key registered
[    9.195681] Allocating IMA MOK and blacklist keyrings.
[    9.210722] Key type asymmetric registered
[    9.211946] Asymmetric key parser 'x509' registered
[    9.213260] Block layer SCSI generic (bsg) driver version 0.4 loaded (major 249)
[    9.215347] io scheduler noop registered
[    9.216412] io scheduler deadline registered (default)
[    9.217803] io scheduler cfq registered
[    9.218965] pci_hotplug: PCI Hot Plug PCI Core version: 0.5
[    9.220518] pciehp: PCI Express Hot Plug Controller Driver version: 0.4
[    9.222495] ACPI: AC Adapter [AC] (off-line)
[    9.223879] input: Power Button as /devices/LNXSYSTM:00/LNXPWRBN:00/input/input0
[    9.239210] ACPI: Power Button [PWRF]
[    9.244737] input: Sleep Button as /devices/LNXSYSTM:00/LNXSLPBN:00/input/input1
[    9.249177] ACPI: Sleep Button [SLPF]
[    9.251959] ACPI: Battery Slot [BAT0] (battery present)
[    9.253544] GHES: HEST is not enabled!
[    9.255122] Serial: 8250/16550 driver, 32 ports, IRQ sharing enabled
[    9.281620] 00:02: ttyS0 at I/O 0x3f8 (irq = 4, base_baud = 115200) is a 16550A
[    9.301172] Linux agpgart interface v0.103
[    9.340179] loop: module loaded
[    9.344711] scsi host0: ata_piix
[    9.346168] scsi host1: ata_piix
[    9.347355] ata1: PATA max UDMA/33 cmd 0x1f0 ctl 0x3f6 bmdma 0xd000 irq 14
[    9.358225] ata2: PATA max UDMA/33 cmd 0x170 ctl 0x376 bmdma 0xd008 irq 15
[    9.378915] libphy: Fixed MDIO Bus: probed
[    9.384832] tun: Universal TUN/TAP device driver, 1.6
[    9.424496] tun: (C) 1999-2004 Max Krasnyansky <maxk@qualcomm.com>
[    9.437923] PPP generic driver version 2.4.2
[    9.454117] ehci_hcd: USB 2.0 'Enhanced' Host Controller (EHCI) Driver
[    9.457429] ehci-pci: EHCI PCI platform driver
[    9.458834] ehci-platform: EHCI generic platform driver
[    9.460437] ohci_hcd: USB 1.1 'Open' Host Controller (OHCI) Driver
[    9.462224] ohci-pci: OHCI PCI platform driver
[    9.465337] ohci-platform: OHCI generic platform driver
[    9.487623] uhci_hcd: USB Universal Host Controller Interface driver
[    9.490876] i8042: PNP: PS/2 Controller [PNP0303:PS2K,PNP0f03:PS2M] at 0x60,0x64 irq 1,12
[    9.510303] serio: i8042 KBD port at 0x60,0x64 irq 1
[    9.541062] serio: i8042 AUX port at 0x60,0x64 irq 12
[    9.556456] mousedev: PS/2 mouse device common for all mice
[    9.560156] rtc_cmos rtc_cmos: rtc core: registered rtc_cmos as rtc0
[    9.562261] rtc_cmos rtc_cmos: alarms up to one day, 114 bytes nvram
[    9.580472] input: AT Translated Set 2 keyboard as /devices/platform/i8042/serio0/input/input2
[    9.604259] i2c /dev entries driver
[    9.611336] device-mapper: uevent: version 1.0.3
[    9.620186] device-mapper: ioctl: 4.34.0-ioctl (2015-10-28) initialised: dm-devel@redhat.com
[    9.682982] ledtrig-cpu: registered to indicate activity on CPUs
[    9.689282] NET: Registered protocol family 10
[    9.709764] NET: Registered protocol family 17
[    9.711236] Key type dns_resolver registered
[    9.738231] registered taskstats version 1
[    9.745258] Loading compiled-in X.509 certificates
[    9.747483] Loaded X.509 cert 'Build time autogenerated kernel key: 20acc96b50ca7641011eace69d32209215a9b56f'
[    9.783682] zswap: loaded using pool lzo/zbud
[    9.789723] Key type trusted registered
[    9.796305] Key type encrypted registered
[    9.809099] AppArmor: AppArmor sha1 policy hashing enabled
[    9.827519] ima: No TPM chip found, activating TPM-bypass!
[    9.843048] ima: Allocated hash algorithm: sha1
[    9.852870] evm: HMAC attrs: 0x1
[    9.860553]   Magic number: 6:202:140
[    9.862252] rtc_cmos rtc_cmos: setting system clock to 2018-10-16 18:06:19 UTC (1539713179)
[    9.878353] BIOS EDD facility v0.16 2004-Jun-25, 0 devices found
[    9.887540] EDD information not available.
[    9.897756] Freeing unused kernel memory: 1528K
[    9.928008] Write protecting the kernel read-only data: 14336k
[    9.941514] Freeing unused kernel memory: 1672K
[    9.943486] Freeing unused kernel memory: 92K
Loading, please wait...
starting version 229[    9.983028] random: systemd-udevd: uninitialized urandom read (16 bytes read, 5 bits of entropy available)

[    9.984205] random: udevadm: uninitialized urandom read (16 bytes read, 5 bits of entropy available)
[    9.984244] random: udevadm: uninitialized urandom read (16 bytes read, 5 bits of entropy available)
[    9.998591] random: udevadm: uninitialized urandom read (16 bytes read, 5 bits of entropy available)
[    9.998660] random: udevadm: uninitialized urandom read (16 bytes read, 5 bits of entropy available)
[    9.998871] random: udevadm: uninitialized urandom read (16 bytes read, 5 bits of entropy available)
[    9.998961] random: udevadm: uninitialized urandom read (16 bytes read, 5 bits of entropy available)
[    9.999041] random: udevadm: uninitialized urandom read (16 bytes read, 5 bits of entropy available)
[    9.999115] random: udevadm: uninitialized urandom read (16 bytes read, 5 bits of entropy available)
[    9.999186] random: udevadm: uninitialized urandom read (16 bytes read, 5 bits of entropy available)
[   10.072942] tsc: Refined TSC clocksource calibration: 1599.444 MHz
[   10.072945] clocksource: tsc: mask: 0xffffffffffffffff max_cycles: 0x170e17bfdb8, max_idle_ns: 440795248917 ns
[   10.276251] e1000: Intel(R) PRO/1000 Network Driver - version 7.3.21-k8-NAPI
[   10.280369] e1000: Copyright (c) 1999-2006 Intel Corporation.
[   10.285289] Fusion MPT base driver 3.04.20
[   10.286718] Copyright (c) 1999-2008 LSI Corporation
[   10.313515] AVX2 version of gcm_enc/dec engaged.
[   10.315062] AES CTR mode by8 optimization enabled
[   10.325940] Fusion MPT SPI Host driver 3.04.20
[   10.497437] input: ImExPS/2 Generic Explorer Mouse as /devices/platform/i8042/serio1/input/input4
[   10.710670] e1000 0000:00:03.0 eth0: (PCI:33MHz:32-bit) 02:28:89:27:00:51
[   10.739743] e1000 0000:00:03.0 eth0: Intel(R) PRO/1000 Network Connection
[   10.757745] mptbase: ioc0: Initiating bringup
[   10.832788] ioc0: LSI53C1030 A0: Capabilities={Initiator}
[   11.023627] scsi host2: ioc0: LSI53C1030 A0, FwRev=00000000h, Ports=1, MaxQ=256, IRQ=20
[   11.136113] scsi 2:0:0:0: Direct-Access     VBOX     HARDDISK         1.0  PQ: 0 ANSI: 5
[   11.153276] scsi target2:0:0: Beginning Domain Validation
[   11.165450] scsi target2:0:0: Domain Validation skipping write tests
[   11.173127] scsi target2:0:0: Ending Domain Validation
[   11.199490] scsi target2:0:0: asynchronous
[   11.231542] scsi 2:0:1:0: Direct-Access     VBOX     HARDDISK         1.0  PQ: 0 ANSI: 5
[   11.241595] scsi target2:0:1: Beginning Domain Validation
[   11.246213] scsi target2:0:1: Domain Validation skipping write tests
[   11.248347] scsi target2:0:1: Ending Domain Validation
[   11.250054] scsi target2:0:1: asynchronous
[   11.264390] sd 2:0:0:0: Attached scsi generic sg0 type 0
[   11.266341] sd 2:0:0:0: [sda] 20971520 512-byte logical blocks: (10.7 GB/10.0 GiB)
[   11.269382] sd 2:0:1:0: Attached scsi generic sg1 type 0
[   11.271186] sd 2:0:1:0: [sdb] 20480 512-byte logical blocks: (10.5 MB/10.0 MiB)
[   11.273405] sd 2:0:0:0: [sda] Write Protect is off
[   11.275420] sd 2:0:0:0: [sda] Incomplete mode parameter data
[   11.277301] sd 2:0:0:0: [sda] Assuming drive cache: write through
[   11.279286] sd 2:0:1:0: [sdb] Write Protect is off
[   11.281292] sd 2:0:1:0: [sdb] Incomplete mode parameter data
[   11.283179] sd 2:0:1:0: [sdb] Assuming drive cache: write through
[   11.287486]  sda: sda1
[   11.289834] sd 2:0:0:0: [sda] Attached SCSI disk
[   11.292219] sd 2:0:1:0: [sdb] Attached SCSI disk
[   11.578445] e1000 0000:00:08.0 eth1: (PCI:33MHz:32-bit) 08:00:27:e8:d8:06
[   11.589842] e1000 0000:00:08.0 eth1: Intel(R) PRO/1000 Network Connection
[   11.612536] e1000 0000:00:03.0 enp0s3: renamed from eth0
[   11.632486] e1000 0000:00:08.0 enp0s8: renamed from eth1
Begin: Loading e[   13.023724] md: linear personality registered for level -1
ssential drivers[   13.032552] md: multipath personality registered for level -4
 ... [   13.051094] md: raid0 personality registered for level 0
[   13.060344] md: raid1 personality registered for level 1
[   13.143515] raid6: sse2x1   gen()  7656 MB/s
[   13.223520] raid6: sse2x1   xor()  5628 MB/s
[   13.291519] raid6: sse2x2   gen()  8408 MB/s
[   13.363786] raid6: sse2x2   xor()  5873 MB/s
[   13.431404] raid6: sse2x4   gen()  8453 MB/s
[   13.503455] raid6: sse2x4   xor()  1658 MB/s
[   13.575487] raid6: avx2x1   gen() 12567 MB/s
[   13.643512] raid6: avx2x2   gen() 16553 MB/s
[   13.715429] raid6: avx2x4   gen() 17684 MB/s
[   13.720354] raid6: using algorithm avx2x4 gen() 17684 MB/s
[   13.721953] raid6: using avx2x2 recovery algorithm
[   13.745847] xor: automatically using best checksumming function:
[   13.791771]    avx       : 18565.000 MB/sec
[   13.799121] async_tx: api initialized (async)
[   13.817576] md: raid6 personality registered for level 6
[   13.827430] md: raid5 personality registered for level 5
[   13.835857] md: raid4 personality registered for level 4
[   13.855556] md: raid10 personality registered for level 10
done.
Begin: Running /scripts/init-premount ... done.
Begin: Mounting root file system ... Begin: Running /scripts/local-top ... done.
Begin: Running /scripts/local-premount ... [   13.907969] Btrfs loaded
Scanning for Btrfs filesystems
done.
Warning: fsck not present, so skipping root file system
[   13.957828] EXT4-fs (sda1): mounted filesystem with ordered data mode. Opts: (null)
done.
Begin: Running /scripts/local-bottom ... done.
Begin: Running /scripts/init-bottom ... done.
[   14.100583] systemd[1]: systemd 229 running in system mode. (+PAM +AUDIT +SELINUX +IMA +APPARMOR +SMACK +SYSVINIT +UTMP +LIBCRYPTSETUP +GCRYPT +GNUTLS +ACL +XZ -LZ4 +SECCOMP +BLKID +ELFUTILS +KMOD -IDN)
[   14.125026] systemd[1]: Detected virtualization oracle.
[   14.134366] systemd[1]: Detected architecture x86-64.

Welcome to [1mUbuntu 16.04.5 LTS[0m!

[   14.144985] systemd[1]: Set hostname to <ubuntu>.
[   14.158432] systemd[1]: Initializing machine ID from random generator.
[   14.176334] systemd[1]: Installed transient /etc/machine-id file.
[   14.475460] systemd[1]: Reached target Swap.
[[0;32m  OK  [0m] Reached target Swap.
[   14.489189] systemd[1]: Listening on LVM2 poll daemon socket.
[[0;32m  OK  [0m] Listening on LVM2 poll daemon socket.
[   14.502480] systemd[1]: Listening on Journal Audit Socket.
[[0;32m  OK  [0m] Listening on Journal Audit Socket.
[   14.532426] systemd[1]: Listening on /dev/initctl Compatibility Named Pipe.
[[0;32m  OK  [0m] Listening on /dev/initctl Compatibility Named Pipe.
[   14.543714] systemd[1]: Listening on Journal Socket (/dev/log).
[[0;32m  OK  [0m] Listening on Journal Socket (/dev/log).
[   14.556861] systemd[1]: Reached target Encrypted Volumes.
[[0;32m  OK  [0m] Reached target Encrypted Volumes.
[   14.578732] systemd[1]: Listening on LVM2 metadata daemon socket.
[[0;32m  OK  [0m] Listening on LVM2 metadata daemon socket.
[   14.623675] systed[]:Reaedtage Uer and roup Name Lookups.
[[0;32m  OK  [0m] Reached target User and Group Name Lookups.
[   14.931674] systemd[1]: Listening on Journal Socket.
[[0;32m  OK  [0m] Listening on Journal Socket.
[  14.969032] sysemd[1]: Listening on Syslog Socket.
[[0;32m  OK  [0m] Listening on Syslog Socket.
[   15.092468] systemd[1]: Created lie ystem Slice.

[[0;32m  OK  [0m] Created slice System Slice.
[   15.199983] systemd[1]: Mounting Debug File System...
         Mounting Debug File System...
[   15.267830] systemd[1]: Mounting Huge Pages File System...
         Mounting Huge Pages File System...
[   15.339962] systemd[1]: Starting Remount Root and Kernel File Systems...
         Starting Remount Root and Kernel File Systems...
[   15.351235] EXT4-fs (sda1): re-mounted. Opts: (null)
[   15.353417] systemd[1]: Starting Nameserver information manager...
         Starting Nameserver information manager...
[   15.373463] systemd[1]: Starting Uncomplicated firewall...
         Starting Uncomplicated firewall...
[   15.419985] systemd[1]: Starting Journal Service...
[   15.422493] random: nonblocking pool is initialized
         Starting Journal Service...
[   15.431950] systemd[1]: Mounting POSIX Message Queue File System...
         Mounting POSIX Message Queue File System...
[   15.504955] sstmd1] Created slice system-serial\x2dgetty.slice.

[[0;32m  OK  [0m] Created slice system-serial\x2dgetty.slice.
[  1.638059] systemd[1]: Listening on udev Kernel Socket.
[[0;32m  OK  [0m] Listening on udev Kernel Socket. 
[   15.696174] systemd[1]: Reached target System Time Synchronized.
[[0;32m  OK  [0m] Reached target System Time Synchronized.
[   15.711651] systemd[1]: Starting Create list of required static device nodes for the current kernel...
         Starting Create list of required st... nodes for the current kernel...
[   15.760370] systemd[1]: Created slice User and Session Slice.
[[0;32m  OK  [0m] Created slice User and Session Slice.
[ 1580688] systemd[1]: Reached target Slices.
[[0;32m  OK  [0m] Reached target Slices.
[   15.959733] systemd[1]: Starting Set console keymap...
         Starting Set console keymap...
[   15.975507] systemd[1]: Started Trigger resolvconf update for networkd DNS.
[[0;32m  OK  [0m] Started Trigger resolvconf update for networkd DNS.
[   15.997134] systemd[1]: Listening on udev Control Socket.
[[0;32m  OK  [0m] Listening on udev Control Socket.
[   16.016265] systemd[1]: Starting Load Kernel Modules...
         Starting Load Kernel Modules...
[   16.028044] systemd[1]: Set up automount Arbitrary Executable File Formats File System Automount Point.
[   16.031485] Loading iSCSI transport class v2.0-870.
[[0;32m  OK  [0m] Set up automount Arbitrary Executab...ats File System Automount Point.
[   16.048345] iscsi: registered transport (tcp)
[   16.058966] systemd[1]: Started Forward Password Requests to Wall Directory Watch.
[[0;32m  OK  [0m] Started Forward Password Requests to Wall Directory Watch.
[   16.070095] systemd[1]: Listening on Device-mapper event daemon FIFOs.
[[0;32m  OK  [0m] Listening on Device-mapper event daemon FIFOs.
[   16.099511] systemd[1]: Starting Monitoring of LVM2 mirrors, snapshots etc. using dmeventd or progress polling...
         Starting Monitoring of LVM2 mirrors... dmeventd or progress poll[   16.121708] iscsi: registered transport (iser)
ing...
[   16.131282] systemd[1]: Mounted Debug File System.
[[0;32m  OK  [0m] Mounted Debug File System.
[   16.143707] systemd[1]: Mounted POSIX Message Queue File System.
[[0;32m  OK  [0m] Mounted POSIX Message Queue File System.
[   16.156680] systemd[1]: Mounted Huge Pages File System.
[[0;32m  OK  [0m] Mounted Huge Pages File System.
[   16.176495] systemd[1]: Started Journal Service.
[[0;32m  OK  [0m] Started Journal Service.
[[0;32m  OK  [0m] Started Remount Root and Kernel File Systems.
[[0;32m  OK  [0m] Started Uncomplicated firewall.
[[0;32m  OK  [0m] Started Create list of required sta...ce nodes for the current kernel.
[[0;32m  OK  [0m] Started Set console keymap.
[[0;32m  OK  [0m] Started Load Kernel Modules.
[[0;32m  OK  [0m] Started Nameserver information manager.
[[0;32m  OK  [0m] Started LVM2 metadata daemon.
         Mounting FUSE Control File System...
         Starting Apply Kernel Variables...
         Starting Create Static Device Nodes in /dev...
         Starting udev Coldplug all Devices...
         Starting Load/Save Random Seed...
         Starting Flush Journal to Persistent Storage...
[[0;32m  OK  [0m] Mounted FUSE Control File System.
[[0;32m  OK  [0m] Started Apply Kernel Variables.
[[0;32m  OK  [0m] Started Load/Save Random Seed.
[[0;32m  OK  [0m] Started Create Static Device Nodes in /dev.
[[0;32m  OK  [0m] Started udev Coldplug all Devices.
[[0;32m  OK  [0m] Started Flush Journal to Persistent Storage.
         Starting udev Kernel Device Manager...
[[0;32m  OK  [0m] Started udev Kernel Device Manager.
[[0;32m  OK  [0m] Started Dispatch Password Requests to Console Directory Watch.
[[0;32m  OK  [0m] Found device /dev/ttyS0.
[[0;32m  OK  [0m] Listening on Load/Save RF Kill Switch Status /dev/rfkill Watch.
[[0;32m  OK  [0m] Started Monitoring of LVM2 mirrors,...ng dmeventd or progress polling.
[[0;32m  OK  [0m] Reached target Local File Systems (Pre).
[[0;32m  OK  [0m] Reached target Local File Systems.
         Starting Set console font and keymap...
         Starting Tell Plymouth To Write Out Runtime Data...
         Starting LSB: AppArmor initialization...
         Starting Create Volatile Files and Directories...
         Starting Initial cloud-init job (pre-networking)...
         Starting Commit a transient machine-id on disk...
[[0;32m  OK  [0m] Started Tell Plymouth To Write Out Runtime Data.
[[0;32m  OK  [0m] Started Create Volatile Files and Directories.
[[0;32m  OK  [0m] Started Commit a transient machine-id on disk.
         Starting Update UTMP about System Boot/Shutdown...
[[0;32m  OK  [0m] Started Set console font and keymap.
[[0;32m  OK  [0m] Started Update UTMP about System Boot/Shutdown.
[[0;32m  OK  [0m] Created slice system-getty.slice.
[[0;32m  OK  [0m] Started LSB: AppArmor initialization.
[   12.919512] cloud-init[640]: Cloud-init v. 18.3-9-g2e62cb8a-0ubuntu1~16.04.2 running 'init-local' at Tue, 16 Oct 2018 18:06:28 +0000. Up 12.48 seconds.
[[0;32m  OK  [0m] Started Initial cloud-init job (pre-networking).
[[0;32m  OK  [0m] Reached target Network (Pre).
         Starting Raise network interfaces...
[[0;32m  OK  [0m] Started Raise network interfaces.
         Starting Initial cloud-init job (metadata service crawler)...
[[0;32m  OK  [0m] Reached target Network.
[   14.613499] cloud-init[932]: Cloud-init v. 18.3-9-g2e62cb8a-0ubuntu1~16.04.2 running 'init' at Tue, 16 Oct 2018 18:06:29 +0000. Up 13.71 seconds.
[   14.648944] cloud-init[932]: ci-info: +++++++++++++++++++++++++++++++++++++Net device info++++++++++++++++++++++++++++++++++++++
[[0;32m  OK  [0m] Started Initial cloud-init job (metadata service crawler).
[   14.700114] cloud-init[932]: ci-info: +--------+-------+--------------------------+---------------+--------+-------------------+
[   14.760326] [cloud-init[0;32m  OK  [0m[932]: ] ci-info: | Device |   Up  |         Address          |      Mask     | Scope  |     Hw-Address    |Reached target System Initialization.

         Starting Socket activation for snappy daemon.
[   14.761447] cloud-init[932]: ci-info: +--------+-------+--------------------------+---------------+--------+-------------------+
[   14.853474]          Starting LXD - unix socket.
[cloud-init[0;32m  OK  [0m[932]: ] ci-info: | enp0s3 |  True |        10.0.2.15         | 255.255.255.0 | global | 02:28:89:27:00:51 |Listening on ACPID Listen Socket.

[   14.855743] [[0;32m  OK  [0m] Listening on UUID daemon activation socket.
cloud-init[932]: ci-info: | enp0s3 |  True | fe80::28:89ff:fe27:51/64 |       .       |  link  | 02:28:89:27:00:51 |
[[0;32m  OK  [0m] Started Daily Cleanup of Temporary Directories.
[[0;32m  OK  [0m] Started ACPI Events Check.
[[0;32m  OK  [0m] Reached target Paths.
[[0;32m  OK  [0m] Started Daily apt download activities.
[[0;32m  OK  [0m] Started Daily apt upgrade and clean activities.
[[0;32m  OK  [0m] Reached target Timers.
[[0;32m  OK  [0m] Listening on D-Bus System Message Bus Socket.
[[0;32m  OK  [0m] Reached target Network is Online.
[   14.955816] cloud-init[932]: ci-info: | enp0s8 | False |            .             |       .       |   .    | 08:00:27:e8:d8:06 |
[   15.037095]          cloud-initStarting iSCSI initiator daemon (iscsid)...[932]: 
ci-info: |   lo   |  True |        127.0.0.1         |   255.0.0.0   |  host  |         .         |
[   15.085212] [[0;32m  OK  [0m] Reached target Cloud-config availability.
[[0;32m  OK  [0m] Listening on Socket activation for snappy daemon.
[[0;32m  OK  [0m] Listening on LXD - unix socket.
cloud-init[932]: ci-info: |   lo   |  True |         ::1/128          |       .       |  host  |         .         |
[   15.106248] cloud-init[932]: [[0;32m  OK  [0m] Reached target Sockets.
[[0;32m  OK  [0m] Reached target Basic System.
ci-info: +--------+-------+--------------------------+---------------+--------+-------------------+
         Starting LSB: MD monitoring daemon...
         Starting Login Service...
[   15.117394] cloud-init[932]: ci-info: +++++++++++++++++++++++++++Route IPv4 info++++++++++++++++++++++++++++
[[0;32m  OK  [0m] Started ACPI event daemon.
[   15.125736] [[0;32m  OK  [0m] Started Deferred execution scheduler.
cloud-init[932]: ci-info: +-------+-------------+----------+---------------+-----------+-------+
         Starting System Logging Service...
[   15.132917] cloud-init[932]: ci-info: | Route | Destination | Gateway  |    Genmask    | Interface | Flags |
         Starting LSB: Record successful boot for GRUB...
[[0;32m  OK  [0m] Started D-Bus System Message Bus.
[   15.167768] cloud-init[932]: ci-info: +-------+-------------+----------+---------------+-----------+-------+
[   15.176290] cloud-init[932]: ci-info: |   0   |   0.0.0.0   | 10.0.2.2 |    0.0.0.0    |   enp0s3  |   UG  |
[   15.180772] cloud-init[932]: ci-info: |   1   |   10.0.2.0  | 0.0.0.0  | 255.255.255.0 |   enp0s3  |   U   |
[   15.205157] cloud-init[932]: ci-info: +-------+-------------+----------+---------------+-----------+-------+
[   15.221173]          Starting Pollinate to seed the pseudo random number generator...
         Starting Virtualbox guest utils...
[[0;32m  OK  [0m] Started Unattended Upgrades Shutdown.
         Starting /etc/rc.local Compatibility...
         Starting Accounts Service...
cloud-init[[0;32m  OK  [0m] Started Regular background program processing daemon.
         Starting LXD - container startup/shutdown...
[[0;32m  OK  [0m] Started FUSE filesystem for LXC.
         Starting Snappy daemon...
[[0;32m  OK  [0m] Started System Logging Service.
[[0;32m  OK  [0m] Started iSCSI initiator daemon (iscsid).
[[0;32m  OK  [0m] Started /etc/rc.local Compatibility.
[932]: ci-info: +++++++++++++++++++Route IPv6 info+++++++++++++++++++
[   15.273982] cloud-init[932]: ci-info: +-------+-------------+---------+-----------+-------+
[   15.306137] cloud-init[932]: ci-info: | Route | Destination | Gateway | Interface | Flags |
[   15.368695] [cloud-init[0;32m  OK  [0m[932]: ] ci-info: +-------+-------------+---------+-----------+-------+Started LSB: MD monitoring daemon.

[[0;32m  OK  [0m] Started LSB: Record successful boot for GRUB.
[   15.433184] cloud-init[932]: ci-info: |   0   |  fe80::/64  |    ::   |   enp0s3  |   U   |
[[0;32m  OK  [0m] Started Login Service.
[   15.482461] cloud-init[932]: ci-info: |   3   |   ff00::/8  |    ::   |   enp0s3  |   U   |
[   15.522551]          Starting Authenticate and Authorize Users to Run Privileged Tasks...
         Starting Login to default iSCSI targets...
cloud-init[932]: ci-info: +-------+-------------+---------+-----------+-------+
[   15.558264] cloud-init[932]: Generating public/private rsa key pair.
[   15.569741] cloud-init[932]: Your identification has been saved in /etc/ssh/ssh_host_rsa_key.
[   15.590518] cloud-init[932]: Your public key has been saved in /etc/ssh/ssh_host_rsa_key.pub.
[[0;32m  OK  [0m] Started Login to default iSCSI targets.
[   15.626484] [[0;32m  OK  [0m] Started LXD - container startup/shutdown.
cloud-init[932]: The key fingerprint is:
[[0;32m  OK  [0m] Started Authenticate and Authorize Users to Run Privileged Tasks.
[   15.637153] cloud-init[932]: SHA256:ht2lzlAneuwy1uFXgufanBXDV3NqjV1+YXX9XPi3yyw root@ubuntu-xenial
[[0;32m  OK  [0m] Reached target Remote File Systems (Pre).
[[0;32m  OK  [0m] Reached target Remote File Systems.
[   15.642844] cloud-init[932]: The key's randomart image is:
[   15.675239]          Starting LSB: daemon to balance interrupts for SMP systems...
cloud-init[932]:          Starting LSB: Set the CPU Frequency Scaling governor to "ondemand"...
         Starting LSB: automatic crash report generation...
+---[RSA 2048]----+
         Starting Permit User Sessions...
[   15.719321] cloud-init[932]: |               .+|
[[0;32m  OK  [0m] Started Snappy daemon.
[[0;32m  OK  [0m] Started Virtualbox guest utils.
[[0;32m  OK  [0m] Started Permit User Sessions.
[[0;32m  OK  [0m] Started Accounts Service.
[   15.726611] cloud-init[932]: |              . =|
[   15.753727] cloud-init[932]: |          o o  **|
[   15.756883] cloud-init[932]: |       o = * ..*@|
         Starting Hold until boot process finishes up...
         Starting Terminate Plymouth Boot Screen...
         Starting Wait until snapd is fully seeded...
[[0;32m  OK  [0m] Started LSB: daemon to balance interrupts for SMP systems.
[[0;32m  OK  [0m] Started LSB: Set the CPU Frequency Scaling governor to "ondemand".
[   15.759702] cloud-init[932]: |      . S B o O O|
[   15.786469] [[0;32m  OK  [0m] Started Hold until boot process finishes up.
cloud-init[932]: |       . O + + =.|
[   15.791361] cloud-init[932]: |        + * o + .|
[   15.796940] cloud-init[932]: |       . o = E + |
[[0;32m  OK  [0m] Started Serial Getty on ttyS0.
[[0;32m  OK  [0m] Started Getty on tty1.
[[0;32m  OK  [0m] Reached target Login Prompts.
[   15.811296] cloud-init[932]: |          . + .  |
[   15.822986] cloud-init[932]: +----[SHA256]-----+
[   15.825071] cloud-init[932]: Generating public/private dsa key pair.
         Starting Set console scheme...
[[0;32m  OK  [0m] Started LSB: automatic crash report generation.
[[0;32m  OK  [0m] Started Terminate Plymouth Boot Screen.
[[0;32m  OK  [0m] Started Set console scheme.
[   15.829558] cloud-init[932]: Your identification has been saved in /etc/ssh/ssh_host_dsa_key.
[   15.865890] cloud-init[932]: Your public key has been saved in /etc/ssh/ssh_host_dsa_key.pub.
[   15.866363] cloud-init[932]: The key fingerprint is:
[[0;32m  OK  [0m[   15.867593] ] cloud-initStarted Pollinate to seed the pseudo random number generator.[932]: 
SHA256:+uxjwGwZKPHuOegv5H6p4+0MJ2Q7Lv1KIDqlxZPyiDo root@ubuntu-xenial
[   15.867657] cloud-init[932]: The key's randomart image is:
[   15.923952] cloud-init[932]: +---[DSA 1024]----+
[   15.937023] cloud-init[932]: |                 |
[   15.952519]          Starting OpenBSD Secure Shell server...
cloud-init[932]: |  .              |
[   15.958713] cloud-init[932]: |   o .           |
[   15.980582] cloud-init[932]: | ...o .          |
[   15.981508] cloud-init[932]: |+ Oo o oS        |
[   15.983406] cloud-init[932]: |+@.o. *.         |
[   15.985231] cloud-init[932]: |*+Bo.+..         |
[   15.985988] cloud-init[932]: |E+*B*  oo        |
[   15.987095] cloud-init[932]: |.*BX*. o+.       |
[   15.987369] cloud-init[932]: +----[SHA256]-----+
[   15.988812] cloud-init[932]: Generating public/private ecdsa key pair.
[[   15.988867] cloud-init[932]: Your identification has been saved in /etc/ssh/ssh_host_ecdsa_key.
[0;32m  OK  [0m] Started OpenBSD Secure Shell server.
[   15.988912] cloud-init[932]: Your public key has been saved in /etc/ssh/ssh_host_ecdsa_key.pub.
[   16.048812] cloud-init[932]: The key fingerprint is:
[   16.068989] cloud-init[932]: SHA256:IAvbyfC8uu2Q1i5RL2BF/MLD7zRbKDeT3FGbOOnWKeo root@ubuntu-xenial
[   16.085328] cloud-init[932]: The key's randomart image is:
[   16.112660] cloud-init[932]: +---[ECDSA 256]---+
[   16.122105] cloud-init[932]: |   o.            |
[   16.140824] cloud-init[932]: |    o     .      |
[   16.156820] cloud-init[932]: |  o+...  + o     |
[   16.168848] cloud-init[932]: |  oO*+..= o      |
[   16.194060] cloud-init[932]: | ..oB* =S+ .     |
[   16.197703] cloud-init[932]: |  .oo.% * o      |
[   16.201081] cloud-init[932]: |  +.o* O .       |
[   16.203113] cloud-init[932]: | ..=  +          |
[   16.206025] cloud-init[932]: |  o++.E          |
[   16.207849] cloud-init[932]: +----[SHA256]-----+
[   16.209701] cloud-init[932]: Generating public/private ed25519 key pair.
[   16.240835] cloud-init[932]: Your identification has been saved in /etc/ssh/ssh_host_ed25519_key.
[   16.272492] cloud-init[932]: Your public key has been saved in /etc/ssh/ssh_host_ed25519_key.pub.
[   16.275433] cloud-init[932]: The key fingerprint is:
[   16.289073] cloud-init[932]: SHA256:rMuPW2TQejIALdhDCzMKzQaTU1YvfIAyP7SFRWnJXsk root@ubuntu-xenial
[   16.313125] cloud-init[932]: The key's randomart image is:
[   16.320315] cloud-init[932]: +--[ED25519 256]--+
[   16.345581] cloud-init[932]: |BX=O=+ .         |
[   16.351006] cloud-init[932]: |O*@+BoE.         |
[   16.369087] cloud-init[932]: |.B.B+.+ .        |
[   16.380901] cloud-init[932]: |  + .+ +         |
[   16.400587] cloud-init[932]: |   .  + S        |
[   16.412870] cloud-init[932]: |       B         |
[   16.414894] cloud-init[932]: |      . .        |
[   16.416790] cloud-init[932]: |     . +         |
[   16.427260] cloud-init[932]: |      =o.        |
[   16.472623] cloud-init[932]: +----[SHA256]-----+
[[0;32m  OK  [0m] Started Wait until snapd is fully seeded.
[[0;32m  OK  [0m] Reached target Multi-User System.
[[0;32m  OK  [0m] Reached target Graphical Interface.
         Starting Update UTMP about System Runlevel Changes...
         Starting Apply the settings specified in cloud-config...
[[0;32m  OK  [0m] Started Update UTMP about System Runlevel Changes.
[   19.002503] cloud-init[1266]: Generating locales (this might take a while)...
[   19.917864] cloud-init[1266]:   en_US.UTF-8... done
[   19.919812] cloud-init[1266]: Generation complete.
[   20.423574] cloud-init[1266]: Cloud-init v. 18.3-9-g2e62cb8a-0ubuntu1~16.04.2 running 'modules:config' at Tue, 16 Oct 2018 18:06:34 +0000. Up 18.74 seconds.
[[0;32m  OK  [0m] Started Apply the settings specified in cloud-config.
         Starting Execute cloud user/final scripts...
ci-info: no authorized ssh keys fingerprints found for user ubuntu.
<14>Oct 16 18:06:36 ec2: 
<14>Oct 16 18:06:36 ec2: #############################################################
<14>Oct 16 18:06:36 ec2: -----BEGIN SSH HOST KEY FINGERPRINTS-----
<14>Oct 16 18:06:36 ec2: 1024 SHA256:+uxjwGwZKPHuOegv5H6p4+0MJ2Q7Lv1KIDqlxZPyiDo root@ubuntu-xenial (DSA)
<14>Oct 16 18:06:36 ec2: 256 SHA256:IAvbyfC8uu2Q1i5RL2BF/MLD7zRbKDeT3FGbOOnWKeo root@ubuntu-xenial (ECDSA)
<14>Oct 16 18:06:36 ec2: 256 SHA256:rMuPW2TQejIALdhDCzMKzQaTU1YvfIAyP7SFRWnJXsk root@ubuntu-xenial (ED25519)
<14>Oct 16 18:06:36 ec2: 2048 SHA256:ht2lzlAneuwy1uFXgufanBXDV3NqjV1+YXX9XPi3yyw root@ubuntu-xenial (RSA)
<14>Oct 16 18:06:36 ec2: -----END SSH HOST KEY FINGERPRINTS-----
<14>Oct 16 18:06:36 ec2: #############################################################
-----BEGIN SSH HOST KEY KEYS-----
ecdsa-sha2-nistp256 AAAAE2VjZHNhLXNoYTItbmlzdHAyNTYAAAAIbmlzdHAyNTYAAABBBDH+HQltoftzPvg6N50BV70eMaIXd+C3QGlj8M9EhDtkc4UsSoGtrnC/q0adUKq+bANxaXrgQA2TP/S8VT/6NUk= root@ubuntu-xenial
ssh-ed25519 AAAAC3NzaC1lZDI1NTE5AAAAIE2aparJLB8q8bsNBALpZCOLjKtNQ1kIqEHlWcY06+pa root@ubuntu-xenial
ssh-rsa AAAAB3NzaC1yc2EAAAADAQABAAABAQCs7yHyot9KGBaY1GpaGO9eFCeZrdoEEcx1pEragGt/CYZFIQE465crjoICRCj7FZlSVa53rrD95FTDZCIjLK21cegYxJ51TLLJcCyIRUQd6J8gdoZcHl6cosDpqtJ8mL+8vc9/1jYCds0Qp0AmL2G5XlktouVAgMhHJ4F1FcO9tWu/ctY4Dy1jLdovdr+uDAnC8gdOi7juT0EXb+PSqSPFIHI9nw/0yGyHsc8M12clBuNcwcNqlWMrM8tKYAIc3Yiu7iTf484Q97rvz9SCGa/zpBJZmmRXx+lh9SUcyj5nNyz7d++eL9FzUspcMBPEWIFTIGXoYaZY3hpPPike98PF root@ubuntu-xenial
-----END SSH HOST KEY KEYS-----
[   21.020589] cloud-init[1307]: Cloud-init v. 18.3-9-g2e62cb8a-0ubuntu1~16.04.2 running 'modules:final' at Tue, 16 Oct 2018 18:06:36 +0000. Up 20.80 seconds.
[   21.020847] cloud-init[1307]: ci-info: no authorized ssh keys fingerprints found for user ubuntu.
[   21.021018] cloud-init[1307]: Cloud-init v. 18.3-9-g2e62cb8a-0ubuntu1~16.04.2 finished at Tue, 16 Oct 2018 18:06:36 +0000. Datasource DataSourceNoCloud [seed=/dev/sdb][dsmode=net].  Up 21.00 seconds

Ubuntu 16.04.5 LTS ubuntu-xenial ttyS0

ubuntu-xenial login: 